<?xml version="1.0" encoding="UTF-8"?>
<response xmlns="urn:proforma:v2.0"  xmlns:xsi="http://www.w3.org/2001/XMLSchema-instance" >
    <separate-test-feedback>
        <submission-feedback-list/>
        <tests-response>
            <test-response id="2">
                <test-result>
                    <result >
                        <score>1</score>
                    </result>
                    <feedback-list>
                        <student-feedback level="info">
                            <title>Java - Compiler</title>
                            <content format="html">
                                <![CDATA[<div>1 <tt>Java</tt> user-submitted files found for compilation:  MyString.java &nbsp; </div><div>The Java compiler produced no output</div>]]>
                            </content>
                        </student-feedback>
                    </feedback-list>
                </test-result>
            </test-response>
            <test-response id="1">
                <test-result>
                    <result >
                        <score>1</score>
                    </result>
                    <feedback-list>
                        <student-feedback level="info">
                            <title>JUnit Test: Junit Test PalindromTest</title>
                            <content format="html">
                                <![CDATA[<pre>======== Test Results ====== Time: XXXX OK (6 tests)</pre>]]>
                            </content>
                        </student-feedback>
                    </feedback-list>
                </test-result>
            </test-response>
            <test-response id="3">
                <test-result>
                    <result >
                        <score>0</score>
                    </result>
                    <feedback-list>
                        <student-feedback level="info">
                            <title>JUnit Test: Java JUnit Test Sonderfaelle</title>
                            <content format="html">
                                <![CDATA[<pre>======== Test Results ======</pre><br/><pre>JUnit version 4.10 ..E Time: XXXX There was 1 failure: 1) testGetImmerSchief(Palindrom2Test) java.lang.AssertionError 	at org.junit.Assert.fail(Assert.java:92) 	at org.junit.Assert.assertTrue(Assert.java:43) 	at org.junit.Assert.assertTrue(Assert.java:54) 	at Palindrom2Test.testGetImmerSchief(Palindrom2Test.java:15) 	at sun.reflect.NativeMethodAccessorImpl.invoke0(Native Method) 	at sun.reflect.NativeMethodAccessorImpl.invoke(NativeMethodAccessorImpl.java:62) 	at sun.reflect.DelegatingMethodAccessorImpl.invoke(DelegatingMethodAccessorImpl.java:43) 	at java.lang.reflect.Method.invoke(Method.java:498) 	at org.junit.runners.model.FrameworkMethod$1.runReflectiveCall(FrameworkMethod.java:45) 	at org.junit.internal.runners.model.ReflectiveCallable.run(ReflectiveCallable.java:15) 	at org.junit.runners.model.FrameworkMethod.invokeExplosively(FrameworkMethod.java:42) 	at org.junit.internal.runners.statements.InvokeMethod.evaluate(InvokeMethod.java:20) 	at org.junit.runners.ParentRunner.runLeaf(ParentRunner.java:263) 	at org.junit.runners.BlockJUnit4ClassRunner.runChild(BlockJUnit4ClassRunner.java:68) 	at org.junit.runners.BlockJUnit4ClassRunner.runChild(BlockJUnit4ClassRunner.java:47) 	at org.junit.runners.ParentRunner$3.run(ParentRunner.java:231) 	at org.junit.runners.ParentRunner$1.schedule(ParentRunner.java:60) 	at org.junit.runners.ParentRunner.runChildren(ParentRunner.java:229) 	at org.junit.runners.ParentRunner.access$000(ParentRunner.java:50) 	at org.junit.runners.ParentRunner$2.evaluate(ParentRunner.java:222) 	at org.junit.runners.ParentRunner.run(ParentRunner.java:300) 	at org.junit.runners.Suite.runChild(Suite.java:128) 	at org.junit.runners.Suite.runChild(Suite.java:24) 	at org.junit.runners.ParentRunner$3.run(ParentRunner.java:231) 	at org.junit.runners.ParentRunner$1.schedule(ParentRunner.java:60) 	at org.junit.runners.ParentRunner.runChildren(ParentRunner.java:229) 	at org.junit.runners.ParentRunner.access$000(ParentRunner.java:50) 	at org.junit.runners.ParentRunner$2.evaluate(ParentRunner.java:222) 	at org.junit.runners.ParentRunner.run(ParentRunner.java:300) 	at org.junit.runner.JUnitCore.run(JUnitCore.java:157) 	at org.junit.runner.JUnitCore.run(JUnitCore.java:136) 	at org.junit.runner.JUnitCore.run(JUnitCore.java:117) 	at org.junit.runner.JUnitCore.runMain(JUnitCore.java:98) 	at org.junit.runner.JUnitCore.runMainAndExit(JUnitCore.java:53) 	at org.junit.runner.JUnitCore.main(JUnitCore.java:45) FAILURES!!! Tests run: 2,  Failures: 1</pre>]]>
                            </content>
                        </student-feedback>
                    </feedback-list>
                </test-result>
            </test-response>
        </tests-response>
    </separate-test-feedback>
    <files/>
    <response-meta-data>
        <grader-engine name="praktomat" version="Version 3.0.1 alpha | 20190410"/>
    </response-meta-data>
</response>